#
# A fatal error has been detected by the Java Runtime Environment:
#
#  Internal Error (javaClasses.cpp:129), pid=7664, tid=6520
#  fatal error: Invalid layout of preloaded class
#
# JRE version: 7.0_25-b17
# Java VM: Java HotSpot(TM) 64-Bit Server VM (23.25-b01 mixed mode windows-amd64 compressed oops)
# Failed to write core dump. Minidumps are not enabled by default on client versions of Windows
#
# If you would like to submit a bug report, please visit:
#   http://bugreport.sun.com/bugreport/crash.jsp
#

---------------  T H R E A D  ---------------

Current thread (0x00000000002bd800):  JavaThread "Unknown thread" [_thread_in_vm, id=6520, stack(0x00000000024b0000,0x00000000025b0000)]

Stack: [0x00000000024b0000,0x00000000025b0000]

---------------  P R O C E S S  ---------------

Java Threads: ( => current thread )

Other Threads:

=>0x00000000002bd800 (exited) JavaThread "Unknown thread" [_thread_in_vm, id=6520, stack(0x00000000024b0000,0x00000000025b0000)]

VM state:not at safepoint (not fully initialized)

VM Mutex/Monitor currently owned by a thread: None

GC Heap History (0 events):
No events

Deoptimization events (0 events):
No events

Internal exceptions (0 events):
No events

Events (10 events):
Event: 0.078 loading class 0x0000000002300d40 done
Event: 0.078 loading class 0x00000000022c3180 done
Event: 0.078 loading class 0x00000000022c3150
Event: 0.078 loading class 0x0000000002309c80
Event: 0.079 loading class 0x0000000002309c80 done
Event: 0.079 loading class 0x0000000002309cc0
Event: 0.079 loading class 0x0000000002309cc0 done
Event: 0.079 loading class 0x000000000233bc10
Event: 0.079 loading class 0x000000000233bc10 done
Event: 0.079 loading class 0x00000000022c3150 done


Dynamic libraries:
0x000000013fc90000 - 0x000000013fcc3000 	C:\Program Files\Java\jdk1.7.0_25\bin\javaw.exe
0x0000000077b60000 - 0x0000000077d09000 	C:\Windows\SYSTEM32\ntdll.dll
0x000000006a790000 - 0x000000006a7dd000 	C:\Program Files\AVAST Software\Avast\snxhk64.dll
0x0000000077a40000 - 0x0000000077b5f000 	C:\Windows\system32\KERNEL32.dll
0x000007fefdc60000 - 0x000007fefdccb000 	C:\Windows\system32\KERNELBASE.dll
0x000007fefdd90000 - 0x000007fefde6b000 	C:\Windows\system32\ADVAPI32.dll
0x000007fefe320000 - 0x000007fefe3bf000 	C:\Windows\system32\msvcrt.dll
0x000007fefdd70000 - 0x000007fefdd8f000 	C:\Windows\SYSTEM32\sechost.dll
0x000007feff910000 - 0x000007feffa3d000 	C:\Windows\system32\RPCRT4.dll
0x0000000077940000 - 0x0000000077a3a000 	C:\Windows\system32\USER32.dll
0x000007feffaa0000 - 0x000007feffb07000 	C:\Windows\system32\GDI32.dll
0x000007fefe150000 - 0x000007fefe15e000 	C:\Windows\system32\LPK.dll
0x000007feffda0000 - 0x000007feffe69000 	C:\Windows\system32\USP10.dll
0x000007fefc3f0000 - 0x000007fefc5e4000 	C:\Windows\WinSxS\amd64_microsoft.windows.common-controls_6595b64144ccf1df_6.0.7601.17514_none_fa396087175ac9ac\COMCTL32.dll
0x000007fefe160000 - 0x000007fefe1d1000 	C:\Windows\system32\SHLWAPI.dll
0x000007fefe1e0000 - 0x000007fefe20e000 	C:\Windows\system32\IMM32.DLL
0x000007fefe210000 - 0x000007fefe319000 	C:\Windows\system32\MSCTF.dll
0x0000000072b40000 - 0x0000000072c11000 	C:\Program Files\Java\jdk1.7.0_25\jre\bin\msvcr100.dll
0x00000000511f0000 - 0x00000000518ff000 	C:\Program Files\Java\jdk1.7.0_25\jre\bin\server\jvm.dll
0x000007fef8530000 - 0x000007fef8539000 	C:\Windows\system32\WSOCK32.dll
0x000007feff820000 - 0x000007feff86d000 	C:\Windows\system32\WS2_32.dll
0x000007fefe140000 - 0x000007fefe148000 	C:\Windows\system32\NSI.dll
0x000007fefb770000 - 0x000007fefb7ab000 	C:\Windows\system32\WINMM.dll
0x0000000077d30000 - 0x0000000077d37000 	C:\Windows\system32\PSAPI.DLL
0x00000000750f0000 - 0x00000000750ff000 	C:\Program Files\Java\jdk1.7.0_25\jre\bin\verify.dll
0x000000005f620000 - 0x000000005f648000 	C:\Program Files\Java\jdk1.7.0_25\jre\bin\java.dll
0x0000000072b00000 - 0x0000000072b35000 	C:\Program Files\Java\jdk1.7.0_25\jre\bin\jdwp.dll
0x0000000072af0000 - 0x0000000072af8000 	C:\Program Files\Java\jdk1.7.0_25\jre\bin\npt.dll
0x0000000060e30000 - 0x0000000060e45000 	C:\Program Files\Java\jdk1.7.0_25\jre\bin\zip.dll

VM Arguments:
jvm_args: -agentlib:jdwp=transport=dt_socket,suspend=y,address=localhost:59991 -Dfile.encoding=Cp1251 -Xbootclasspath:C:\dropbox\Dropbox\Sync\android\adt-bundle-windows-x86_64-20130917\sdk\platforms\android-10\android.jar 
java_command: org.eclipse.jdt.internal.debug.ui.snippeteditor.ScrapbookMain file:/C:/dropbox/Dropbox/Sync/android/workspace/.metadata/.plugins/org.eclipse.core.resources/.projects/Math/org.eclipse.jdt.debug.ui/ file:/C:/dropbox/Dropbox/Sync/android/workspace/Math/bin/classes/ file:/C:/dropbox/Dropbox/Sync/android/workspace/Math/libs/android-support-v4.jar file:/C:/dropbox/Dropbox/Sync/android/adt-bundle-windows-x86_64-20130917/sdk/tools/support/annotations.jar
Launcher Type: SUN_STANDARD

Environment Variables:
PATH=C:\Program Files\Java\jdk1.7.0_25\jre\bin;C:/Program Files/Java/jdk1.7.0_25/bin/../jre/bin/server;C:/Program Files/Java/jdk1.7.0_25/bin/../jre/bin;C:/Program Files/Java/jdk1.7.0_25/bin/../jre/lib/amd64;C:\Program Files (x86)\NVIDIA Corporation\PhysX\Common;C:\Windows\system32;C:\Windows;C:\Windows\System32\Wbem;C:\Windows\System32\WindowsPowerShell\v1.0\;C:\Program Files\Java\jdk1.7.0_25\bin;;C:\dropbox\Dropbox\Sync\android\adt-bundle-windows-x86_64-20130917\eclipse;
USERNAME=Andrey
OS=Windows_NT
PROCESSOR_IDENTIFIER=Intel64 Family 6 Model 37 Stepping 2, GenuineIntel



---------------  S Y S T E M  ---------------

OS: Windows 7 , 64 bit Build 7601 Service Pack 1

CPU:total 4 (2 cores per cpu, 2 threads per core) family 6 model 37 stepping 2, cmov, cx8, fxsr, mmx, sse, sse2, sse3, ssse3, sse4.1, sse4.2, popcnt, ht, tsc, tscinvbit

Memory: 4k page, physical 4053868k(287636k free), swap 8105876k(3242816k free)

vm_info: Java HotSpot(TM) 64-Bit Server VM (23.25-b01) for windows-amd64 JRE (1.7.0_25-b17), built on Jun 21 2013 12:58:32 by "java_re" with unknown MS VC++:1600

time: Thu Oct 31 19:43:50 2013
elapsed time: 0 seconds

